# JRE version: OpenJDK Runtime Environment (17.0.2+8) (build 17.0.2+8-86)
# Java VM: OpenJDK 64-Bit Server VM (17.0.2+8-86, mixed mode, emulated-client, sharing, tiered, compressed oops, compressed class ptrs, g1 gc, windows-amd64)
GC Precious Log:
 CPUs: 2 total, 2 available
 Memory: 8191M
 Large Page Support: Disabled
 NUMA Support: Disabled
 Compressed Oops: Enabled (32-bit)
 Heap Region Size: 1M
 Heap Min Capacity: 8M
 Heap Initial Capacity: 128M
 Heap Max Capacity: 2G
 Pre-touch: Disabled
 Parallel Workers: 2
 Concurrent Workers: 1
 Concurrent Refinement Workers: 2
 Periodic GC: Disabled
Heap:
 garbage-first heap   total 99328K, used 30366K [0x0000000080000000, 0x0000000100000000)
  region size 1024K, 7 young (7168K), 5 survivors (5120K)
 Metaspace       used 63249K, committed 63744K, reserved 1105920K
  class space    used 8989K, committed 9216K, reserved 1048576K
GC Heap History (20 events):
Event: 9.096 GC heap before
{Heap before GC invocations=13 (full 0):
 garbage-first heap   total 61440K, used 46032K [0x0000000080000000, 0x0000000100000000)
  region size 1024K, 26 young (26624K), 1 survivors (1024K)
 Metaspace       used 48673K, committed 49088K, reserved 1097728K
  class space    used 6965K, committed 7168K, reserved 1048576K
}
Event: 9.102 GC heap after
{Heap after GC invocations=14 (full 0):
 garbage-first heap   total 61440K, used 21957K [0x0000000080000000, 0x0000000100000000)
  region size 1024K, 2 young (2048K), 2 survivors (2048K)
 Metaspace       used 48673K, committed 49088K, reserved 1097728K
  class space    used 6965K, committed 7168K, reserved 1048576K
}
Event: 9.802 GC heap before
{Heap before GC invocations=14 (full 0):
 garbage-first heap   total 61440K, used 46533K [0x0000000080000000, 0x0000000100000000)
  region size 1024K, 27 young (27648K), 2 survivors (2048K)
 Metaspace       used 52909K, committed 53376K, reserved 1097728K
  class space    used 7523K, committed 7744K, reserved 1048576K
}
Event: 9.812 GC heap after
{Heap after GC invocations=15 (full 0):
 garbage-first heap   total 61440K, used 23614K [0x0000000080000000, 0x0000000100000000)
  region size 1024K, 3 young (3072K), 3 survivors (3072K)
 Metaspace       used 52909K, committed 53376K, reserved 1097728K
  class space    used 7523K, committed 7744K, reserved 1048576K
}
Event: 10.419 GC heap before
{Heap before GC invocations=15 (full 0):
 garbage-first heap   total 61440K, used 47166K [0x0000000080000000, 0x0000000100000000)
  region size 1024K, 27 young (27648K), 3 survivors (3072K)
 Metaspace       used 55858K, committed 56320K, reserved 1097728K
  class space    used 7957K, committed 8192K, reserved 1048576K
}
Event: 10.433 GC heap after
{Heap after GC invocations=16 (full 0):
 garbage-first heap   total 122880K, used 25372K [0x0000000080000000, 0x0000000100000000)
  region size 1024K, 4 young (4096K), 4 survivors (4096K)
 Metaspace       used 55858K, committed 56320K, reserved 1097728K
  class space    used 7957K, committed 8192K, reserved 1048576K
}
Event: 24.040 GC heap before
{Heap before GC invocations=16 (full 0):
 garbage-first heap   total 122880K, used 54044K [0x0000000080000000, 0x0000000100000000)
  region size 1024K, 34 young (34816K), 4 survivors (4096K)
 Metaspace       used 59608K, committed 60096K, reserved 1105920K
  class space    used 8463K, committed 8704K, reserved 1048576K
}
Event: 24.060 GC heap after
{Heap after GC invocations=17 (full 0):
 garbage-first heap   total 122880K, used 27895K [0x0000000080000000, 0x0000000100000000)
  region size 1024K, 6 young (6144K), 6 survivors (6144K)
 Metaspace       used 59608K, committed 60096K, reserved 1105920K
  class space    used 8463K, committed 8704K, reserved 1048576K
}
Event: 413.558 GC heap before
{Heap before GC invocations=18 (full 0):
 garbage-first heap   total 99328K, used 81143K [0x0000000080000000, 0x0000000100000000)
  region size 1024K, 58 young (59392K), 6 survivors (6144K)
 Metaspace       used 62612K, committed 63104K, reserved 1105920K
  class space    used 8898K, committed 9152K, reserved 1048576K
}
Event: 413.576 GC heap after
{Heap after GC invocations=19 (full 0):
 garbage-first heap   total 99328K, used 28489K [0x0000000080000000, 0x0000000100000000)
  region size 1024K, 5 young (5120K), 5 survivors (5120K)
 Metaspace       used 62612K, committed 63104K, reserved 1105920K
  class space    used 8898K, committed 9152K, reserved 1048576K
}
Event: 821.559 GC heap before
{Heap before GC invocations=19 (full 0):
 garbage-first heap   total 99328K, used 77641K [0x0000000080000000, 0x0000000100000000)
  region size 1024K, 53 young (54272K), 5 survivors (5120K)
 Metaspace       used 62783K, committed 63232K, reserved 1105920K
  class space    used 8928K, committed 9152K, reserved 1048576K
}
Event: 821.579 GC heap after
{Heap after GC invocations=20 (full 0):
 garbage-first heap   total 99328K, used 28934K [0x0000000080000000, 0x0000000100000000)
  region size 1024K, 4 young (4096K), 4 survivors (4096K)
 Metaspace       used 62783K, committed 63232K, reserved 1105920K
  class space    used 8928K, committed 9152K, reserved 1048576K
}
Event: 1611.899 GC heap before
{Heap before GC invocations=20 (full 0):
 garbage-first heap   total 99328K, used 80134K [0x0000000080000000, 0x0000000100000000)
  region size 1024K, 54 young (55296K), 4 survivors (4096K)
 Metaspace       used 62785K, committed 63232K, reserved 1105920K
  class space    used 8928K, committed 9152K, reserved 1048576K
}
Event: 1611.914 GC heap after
{Heap after GC invocations=21 (full 0):
 garbage-first heap   total 99328K, used 28329K [0x0000000080000000, 0x0000000100000000)
  region size 1024K, 4 young (4096K), 4 survivors (4096K)
 Metaspace       used 62785K, committed 63232K, reserved 1105920K
  class space    used 8928K, committed 9152K, reserved 1048576K
}
Event: 2219.328 GC heap before
{Heap before GC invocations=21 (full 0):
 garbage-first heap   total 99328K, used 80553K [0x0000000080000000, 0x0000000100000000)
  region size 1024K, 55 young (56320K), 4 survivors (4096K)
 Metaspace       used 62834K, committed 63360K, reserved 1105920K
  class space    used 8936K, committed 9152K, reserved 1048576K
}
Event: 2219.342 GC heap after
{Heap after GC invocations=22 (full 0):
 garbage-first heap   total 99328K, used 28908K [0x0000000080000000, 0x0000000100000000)
  region size 1024K, 4 young (4096K), 4 survivors (4096K)
 Metaspace       used 62834K, committed 63360K, reserved 1105920K
  class space    used 8936K, committed 9152K, reserved 1048576K
}
Event: 3040.848 GC heap before
{Heap before GC invocations=22 (full 0):
 garbage-first heap   total 99328K, used 82156K [0x0000000080000000, 0x0000000100000000)
  region size 1024K, 56 young (57344K), 4 survivors (4096K)
 Metaspace       used 62834K, committed 63360K, reserved 1105920K
  class space    used 8936K, committed 9152K, reserved 1048576K
}
Event: 3040.861 GC heap after
{Heap after GC invocations=23 (full 0):
 garbage-first heap   total 99328K, used 28657K [0x0000000080000000, 0x0000000100000000)
  region size 1024K, 4 young (4096K), 4 survivors (4096K)
 Metaspace       used 62834K, committed 63360K, reserved 1105920K
  class space    used 8936K, committed 9152K, reserved 1048576K
}
Event: 4082.397 GC heap before
{Heap before GC invocations=23 (full 0):
 garbage-first heap   total 99328K, used 82929K [0x0000000080000000, 0x0000000100000000)
  region size 1024K, 57 young (58368K), 4 survivors (4096K)
 Metaspace       used 63236K, committed 63744K, reserved 1105920K
  class space    used 8987K, committed 9216K, reserved 1048576K
}
Event: 4082.409 GC heap after
{Heap after GC invocations=24 (full 0):
 garbage-first heap   total 99328K, used 29342K [0x0000000080000000, 0x0000000100000000)
  region size 1024K, 5 young (5120K), 5 survivors (5120K)
 Metaspace       used 63236K, committed 63744K, reserved 1105920K
  class space    used 8987K, committed 9216K, reserved 1048576K
}

